# JRE version: Java(TM) SE Runtime Environment 18.9 (11.0.24+7) (build 11.0.24+7-LTS-271)
# Java VM: Java HotSpot(TM) 64-Bit Server VM 18.9 (11.0.24+7-LTS-271, mixed mode, tiered, compressed oops, g1 gc, windows-amd64)
Heap:
 garbage-first heap   total 14336K, used 4739K [0x0000000082800000, 0x0000000100000000)
  region size 1024K, 1 young (1024K), 1 survivors (1024K)
 Metaspace       used 14855K, capacity 15120K, committed 15360K, reserved 1062912K
  class space    used 1553K, capacity 1670K, committed 1792K, reserved 1048576K
GC Heap History (10 events):
Event: 0.328 GC heap after
{Heap after GC invocations=4 (full 0):
 garbage-first heap   total 8192K, used 2509K [0x0000000082800000, 0x0000000100000000)
  region size 1024K, 1 young (1024K), 1 survivors (1024K)
 Metaspace       used 13077K, capacity 13299K, committed 13568K, reserved 1060864K
  class space    used 1393K, capacity 1466K, committed 1536K, reserved 1048576K
}
Event: 0.354 GC heap before
{Heap before GC invocations=4 (full 0):
 garbage-first heap   total 8192K, used 3533K [0x0000000082800000, 0x0000000100000000)
  region size 1024K, 2 young (2048K), 1 survivors (1024K)
 Metaspace       used 13484K, capacity 13720K, committed 13952K, reserved 1060864K
  class space    used 1431K, capacity 1543K, committed 1664K, reserved 1048576K
}
Event: 0.356 GC heap after
{Heap after GC invocations=5 (full 0):
 garbage-first heap   total 10240K, used 2778K [0x0000000082800000, 0x0000000100000000)
  region size 1024K, 1 young (1024K), 1 survivors (1024K)
 Metaspace       used 13484K, capacity 13720K, committed 13952K, reserved 1060864K
  class space    used 1431K, capacity 1543K, committed 1664K, reserved 1048576K
}
Event: 0.402 GC heap before
{Heap before GC invocations=5 (full 0):
 garbage-first heap   total 10240K, used 4826K [0x0000000082800000, 0x0000000100000000)
  region size 1024K, 3 young (3072K), 1 survivors (1024K)
 Metaspace       used 14379K, capacity 14679K, committed 14720K, reserved 1062912K
  class space    used 1510K, capacity 1629K, committed 1664K, reserved 1048576K
}
Event: 0.405 GC heap after
{Heap after GC invocations=6 (full 0):
 garbage-first heap   total 10240K, used 3915K [0x0000000082800000, 0x0000000100000000)
  region size 1024K, 1 young (1024K), 1 survivors (1024K)
 Metaspace       used 14379K, capacity 14679K, committed 14720K, reserved 1062912K
  class space    used 1510K, capacity 1629K, committed 1664K, reserved 1048576K
}
Event: 0.440 GC heap before
{Heap before GC invocations=6 (full 0):
 garbage-first heap   total 10240K, used 5963K [0x0000000082800000, 0x0000000100000000)
  region size 1024K, 3 young (3072K), 1 survivors (1024K)
 Metaspace       used 14800K, capacity 15120K, committed 15360K, reserved 1062912K
  class space    used 1553K, capacity 1670K, committed 1792K, reserved 1048576K
}
Event: 0.444 GC heap after
{Heap after GC invocations=7 (full 0):
 garbage-first heap   total 10240K, used 4516K [0x0000000082800000, 0x0000000100000000)
  region size 1024K, 1 young (1024K), 1 survivors (1024K)
 Metaspace       used 14800K, capacity 15120K, committed 15360K, reserved 1062912K
  class space    used 1553K, capacity 1670K, committed 1792K, reserved 1048576K
}
Event: 0.448 GC heap before
{Heap before GC invocations=7 (full 0):
 garbage-first heap   total 10240K, used 5540K [0x0000000082800000, 0x0000000100000000)
  region size 1024K, 2 young (2048K), 1 survivors (1024K)
 Metaspace       used 14805K, capacity 15120K, committed 15360K, reserved 1062912K
  class space    used 1553K, capacity 1670K, committed 1792K, reserved 1048576K
}
Event: 0.449 GC heap after
{Heap after GC invocations=8 (full 0):
 garbage-first heap   total 10240K, used 4656K [0x0000000082800000, 0x0000000100000000)
  region size 1024K, 1 young (1024K), 1 survivors (1024K)
 Metaspace       used 14805K, capacity 15120K, committed 15360K, reserved 1062912K
  class space    used 1553K, capacity 1670K, committed 1792K, reserved 1048576K
}
Event: 0.460 GC heap before
{Heap before GC invocations=8 (full 0):
 garbage-first heap   total 10240K, used 5680K [0x0000000082800000, 0x0000000100000000)
  region size 1024K, 2 young (2048K), 1 survivors (1024K)
 Metaspace       used 14855K, capacity 15120K, committed 15360K, reserved 1062912K
  class space    used 1553K, capacity 1670K, committed 1792K, reserved 1048576K
}

